\BOOKMARK [1][-]{section.1}{Serverless Overview}{}% 1
\BOOKMARK [2][-]{subsection.1.1}{What is Serverless Computing?}{section.1}% 2
\BOOKMARK [2][-]{subsection.1.2}{Benefits of Serverless Computing}{section.1}% 3
\BOOKMARK [2][-]{subsection.1.3}{Drawbacks of Serverless Computing}{section.1}% 4
\BOOKMARK [1][-]{section.2}{Serverless Comparison}{}% 5
\BOOKMARK [2][-]{subsection.2.1}{Pricing}{section.2}% 6
\BOOKMARK [2][-]{subsection.2.2}{Configuration and Performance}{section.2}% 7
\BOOKMARK [1][-]{section.3}{Google Cloud Functions}{}% 8
\BOOKMARK [2][-]{subsection.3.1}{How does it work?}{section.3}% 9
\BOOKMARK [2][-]{subsection.3.2}{Execution Runtime}{section.3}% 10
\BOOKMARK [2][-]{subsection.3.3}{What events can trigger a function?}{section.3}% 11
\BOOKMARK [2][-]{subsection.3.4}{HTTP Functions}{section.3}% 12
\BOOKMARK [2][-]{subsection.3.5}{Background Functions}{section.3}% 13
\BOOKMARK [2][-]{subsection.3.6}{CloudEvent Functions}{section.3}% 14
\BOOKMARK [2][-]{subsection.3.7}{Cloud Function Images }{section.3}% 15
\BOOKMARK [1][-]{section.4}{ AWS Lambda}{}% 16
\BOOKMARK [2][-]{subsection.4.1}{How does it work?}{section.4}% 17
\BOOKMARK [2][-]{subsection.4.2}{Execution Runtime}{section.4}% 18
\BOOKMARK [2][-]{subsection.4.3}{Container Image}{section.4}% 19
\BOOKMARK [2][-]{subsection.4.4}{Blueprints and Serverless App Repository}{section.4}% 20
\BOOKMARK [2][-]{subsection.4.5}{What events can trigger a function?}{section.4}% 21
\BOOKMARK [2][-]{subsection.4.6}{HTTP Functions}{section.4}% 22
\BOOKMARK [1][-]{section.5}{ Experiments}{}% 23
\BOOKMARK [2][-]{subsection.5.1}{Design I}{section.5}% 24
\BOOKMARK [2][-]{subsection.5.2}{Results I}{section.5}% 25
\BOOKMARK [2][-]{subsection.5.3}{Design II}{section.5}% 26
\BOOKMARK [2][-]{subsection.5.4}{Results II}{section.5}% 27
\BOOKMARK [2][-]{subsection.5.5}{Experiment Conclusion}{section.5}% 28
\BOOKMARK [2][-]{subsection.5.6}{User Experience}{section.5}% 29
\BOOKMARK [1][-]{section.6}{Conclusion}{}% 30
\BOOKMARK [1][-]{section*.1}{References}{}% 31
